0 info it worked if it ends with ok
1 verbose cli [ 'C:\\Program Files (x86)\\nodejs\\\\node.exe',
1 verbose cli   'C:\\Program Files (x86)\\nodejs\\node_modules\\npm\\bin\\npm-cli.js',
1 verbose cli   'install',
1 verbose cli   '--save',
1 verbose cli   'moustache-express' ]
2 info using npm@1.4.28
3 info using node@v0.10.33
4 verbose node symlink C:\Program Files (x86)\nodejs\\node.exe
5 warn package.json railodocs@0.0.1 No repository field.
6 verbose readDependencies using package.json deps
7 verbose cache add [ 'moustache-express', null ]
8 verbose cache add name=undefined spec="moustache-express" args=["moustache-express",null]
9 verbose parsed url { protocol: null,
9 verbose parsed url   slashes: null,
9 verbose parsed url   auth: null,
9 verbose parsed url   host: null,
9 verbose parsed url   port: null,
9 verbose parsed url   hostname: null,
9 verbose parsed url   hash: null,
9 verbose parsed url   search: null,
9 verbose parsed url   query: null,
9 verbose parsed url   pathname: 'moustache-express',
9 verbose parsed url   path: 'moustache-express',
9 verbose parsed url   href: 'moustache-express' }
10 silly lockFile 73270952-moustache-express moustache-express
11 verbose lock moustache-express C:\Users\mark.drew\AppData\Roaming\npm-cache\73270952-moustache-express.lock
12 silly lockFile 73270952-moustache-express moustache-express
13 silly lockFile 73270952-moustache-express moustache-express
14 verbose addNamed [ 'moustache-express', '' ]
15 verbose addNamed [ null, '*' ]
16 silly lockFile 63387c39-moustache-express moustache-express@
17 verbose lock moustache-express@ C:\Users\mark.drew\AppData\Roaming\npm-cache\63387c39-moustache-express.lock
18 silly addNameRange { name: 'moustache-express', range: '*', hasData: false }
19 verbose request where is /moustache-express
20 verbose request registry https://registry.npmjs.org/
21 verbose request id 340a77b12d6bb39b
22 verbose url raw /moustache-express
23 verbose url resolving [ 'https://registry.npmjs.org/', './moustache-express' ]
24 verbose url resolved https://registry.npmjs.org/moustache-express
25 verbose request where is https://registry.npmjs.org/moustache-express
26 info trying registry request attempt 1 at 15:34:42
27 http GET https://registry.npmjs.org/moustache-express
28 http 404 https://registry.npmjs.org/moustache-express
29 verbose headers { date: 'Mon, 01 Dec 2014 15:34:42 GMT',
29 verbose headers   server: 'CouchDB/1.5.0 (Erlang OTP/R16B03)',
29 verbose headers   'content-type': 'application/json',
29 verbose headers   'cache-control': 'max-age=0',
29 verbose headers   'content-length': '52',
29 verbose headers   'accept-ranges': 'bytes',
29 verbose headers   via: '1.1 varnish',
29 verbose headers   age: '0',
29 verbose headers   'x-served-by': 'cache-lcy1120-LCY',
29 verbose headers   'x-cache': 'MISS',
29 verbose headers   'x-cache-hits': '0',
29 verbose headers   'x-timer': 'S1417448082.759372,VS0,VE83',
29 verbose headers   'keep-alive': 'timeout=10, max=50',
29 verbose headers   connection: 'Keep-Alive' }
30 silly registry.get cb [ 404,
30 silly registry.get   { date: 'Mon, 01 Dec 2014 15:34:42 GMT',
30 silly registry.get     server: 'CouchDB/1.5.0 (Erlang OTP/R16B03)',
30 silly registry.get     'content-type': 'application/json',
30 silly registry.get     'cache-control': 'max-age=0',
30 silly registry.get     'content-length': '52',
30 silly registry.get     'accept-ranges': 'bytes',
30 silly registry.get     via: '1.1 varnish',
30 silly registry.get     age: '0',
30 silly registry.get     'x-served-by': 'cache-lcy1120-LCY',
30 silly registry.get     'x-cache': 'MISS',
30 silly registry.get     'x-cache-hits': '0',
30 silly registry.get     'x-timer': 'S1417448082.759372,VS0,VE83',
30 silly registry.get     'keep-alive': 'timeout=10, max=50',
30 silly registry.get     connection: 'Keep-Alive' } ]
31 silly lockFile 63387c39-moustache-express moustache-express@
32 silly lockFile 63387c39-moustache-express moustache-express@
33 error 404 404 Not Found: moustache-express
33 error 404
33 error 404 'moustache-express' is not in the npm registry.
33 error 404 You should bug the author to publish it
33 error 404 It was specified as a dependency of 'railodocs'
33 error 404
33 error 404 Note that you can also install from a
33 error 404 tarball, folder, or http url, or git url.
34 error System Windows_NT 6.1.7601
35 error command "C:\\Program Files (x86)\\nodejs\\\\node.exe" "C:\\Program Files (x86)\\nodejs\\node_modules\\npm\\bin\\npm-cli.js" "install" "--save" "moustache-express"
36 error cwd C:\Users\mark.drew\Projects\railodocs
37 error node -v v0.10.33
38 error npm -v 1.4.28
39 error code E404
40 verbose exit [ 1, true ]
